# JRE version: OpenJDK Runtime Environment Temurin-17.0.10+7 (17.0.10+7) (build 17.0.10+7)
# Java VM: OpenJDK 64-Bit Server VM Temurin-17.0.10+7 (17.0.10+7, mixed mode, tiered, compressed oops, compressed class ptrs, parallel gc, windows-amd64)
GC Precious Log:
 CPUs: 4 total, 4 available
 Memory: 14278M
 Large Page Support: Disabled
 NUMA Support: Disabled
 Compressed Oops: Enabled (32-bit)
 Alignments: Space 512K, Generation 512K, Heap 2M
 Heap Min Capacity: 100M
 Heap Initial Capacity: 100M
 Heap Max Capacity: 1G
 Pre-touch: Disabled
 Parallel Workers: 4
Heap:
 PSYoungGen      total 21504K, used 562K [0x00000000eab00000, 0x00000000ec180000, 0x0000000100000000)
  eden space 20480K, 0% used [0x00000000eab00000,0x00000000eab00000,0x00000000ebf00000)
  from space 1024K, 54% used [0x00000000ec080000,0x00000000ec10ca20,0x00000000ec180000)
  to   space 1024K, 0% used [0x00000000ebf80000,0x00000000ebf80000,0x00000000ec080000)
 ParOldGen       total 68608K, used 42463K [0x00000000c0000000, 0x00000000c4300000, 0x00000000eab00000)
  object space 68608K, 61% used [0x00000000c0000000,0x00000000c2977e98,0x00000000c4300000)
 Metaspace       used 59113K, committed 60288K, reserved 1114112K
  class space    used 6386K, committed 6912K, reserved 1048576K
GC Heap History (20 events):
Event: 13.474 GC heap after
{Heap after GC invocations=23 (full 2):
 PSYoungGen      total 24576K, used 2336K [0x00000000eab00000, 0x00000000ec580000, 0x0000000100000000)
  eden space 22016K, 0% used [0x00000000eab00000,0x00000000eab00000,0x00000000ec080000)
  from space 2560K, 91% used [0x00000000ec180000,0x00000000ec3c8010,0x00000000ec400000)
  to   space 1536K, 0% used [0x00000000ec400000,0x00000000ec400000,0x00000000ec580000)
 ParOldGen       total 68608K, used 27554K [0x00000000c0000000, 0x00000000c4300000, 0x00000000eab00000)
  object space 68608K, 40% used [0x00000000c0000000,0x00000000c1ae8890,0x00000000c4300000)
 Metaspace       used 52798K, committed 53824K, reserved 1114112K
  class space    used 5735K, committed 6144K, reserved 1048576K
}
Event: 13.633 GC heap before
{Heap before GC invocations=24 (full 2):
 PSYoungGen      total 24576K, used 24352K [0x00000000eab00000, 0x00000000ec580000, 0x0000000100000000)
  eden space 22016K, 100% used [0x00000000eab00000,0x00000000ec080000,0x00000000ec080000)
  from space 2560K, 91% used [0x00000000ec180000,0x00000000ec3c8010,0x00000000ec400000)
  to   space 1536K, 0% used [0x00000000ec400000,0x00000000ec400000,0x00000000ec580000)
 ParOldGen       total 68608K, used 27554K [0x00000000c0000000, 0x00000000c4300000, 0x00000000eab00000)
  object space 68608K, 40% used [0x00000000c0000000,0x00000000c1ae8890,0x00000000c4300000)
 Metaspace       used 52798K, committed 53824K, reserved 1114112K
  class space    used 5735K, committed 6144K, reserved 1048576K
}
Event: 13.637 GC heap after
{Heap after GC invocations=24 (full 2):
 PSYoungGen      total 22016K, used 1536K [0x00000000eab00000, 0x00000000eca80000, 0x0000000100000000)
  eden space 20480K, 0% used [0x00000000eab00000,0x00000000eab00000,0x00000000ebf00000)
  from space 1536K, 100% used [0x00000000ec400000,0x00000000ec580000,0x00000000ec580000)
  to   space 5120K, 0% used [0x00000000ebf00000,0x00000000ebf00000,0x00000000ec400000)
 ParOldGen       total 68608K, used 30653K [0x00000000c0000000, 0x00000000c4300000, 0x00000000eab00000)
  object space 68608K, 44% used [0x00000000c0000000,0x00000000c1def7b8,0x00000000c4300000)
 Metaspace       used 52798K, committed 53824K, reserved 1114112K
  class space    used 5735K, committed 6144K, reserved 1048576K
}
Event: 13.695 GC heap before
{Heap before GC invocations=25 (full 2):
 PSYoungGen      total 22016K, used 22016K [0x00000000eab00000, 0x00000000eca80000, 0x0000000100000000)
  eden space 20480K, 100% used [0x00000000eab00000,0x00000000ebf00000,0x00000000ebf00000)
  from space 1536K, 100% used [0x00000000ec400000,0x00000000ec580000,0x00000000ec580000)
  to   space 5120K, 0% used [0x00000000ebf00000,0x00000000ebf00000,0x00000000ec400000)
 ParOldGen       total 68608K, used 30653K [0x00000000c0000000, 0x00000000c4300000, 0x00000000eab00000)
  object space 68608K, 44% used [0x00000000c0000000,0x00000000c1def7b8,0x00000000c4300000)
 Metaspace       used 52798K, committed 53824K, reserved 1114112K
  class space    used 5735K, committed 6144K, reserved 1048576K
}
Event: 13.699 GC heap after
{Heap after GC invocations=25 (full 2):
 PSYoungGen      total 23040K, used 2304K [0x00000000eab00000, 0x00000000ec600000, 0x0000000100000000)
  eden space 20480K, 0% used [0x00000000eab00000,0x00000000eab00000,0x00000000ebf00000)
  from space 2560K, 90% used [0x00000000ebf00000,0x00000000ec140010,0x00000000ec180000)
  to   space 3584K, 0% used [0x00000000ec280000,0x00000000ec280000,0x00000000ec600000)
 ParOldGen       total 68608K, used 32205K [0x00000000c0000000, 0x00000000c4300000, 0x00000000eab00000)
  object space 68608K, 46% used [0x00000000c0000000,0x00000000c1f737b8,0x00000000c4300000)
 Metaspace       used 52798K, committed 53824K, reserved 1114112K
  class space    used 5735K, committed 6144K, reserved 1048576K
}
Event: 14.062 GC heap before
{Heap before GC invocations=26 (full 2):
 PSYoungGen      total 23040K, used 22784K [0x00000000eab00000, 0x00000000ec600000, 0x0000000100000000)
  eden space 20480K, 100% used [0x00000000eab00000,0x00000000ebf00000,0x00000000ebf00000)
  from space 2560K, 90% used [0x00000000ebf00000,0x00000000ec140010,0x00000000ec180000)
  to   space 3584K, 0% used [0x00000000ec280000,0x00000000ec280000,0x00000000ec600000)
 ParOldGen       total 68608K, used 32205K [0x00000000c0000000, 0x00000000c4300000, 0x00000000eab00000)
  object space 68608K, 46% used [0x00000000c0000000,0x00000000c1f737b8,0x00000000c4300000)
 Metaspace       used 54574K, committed 55616K, reserved 1114112K
  class space    used 5921K, committed 6400K, reserved 1048576K
}
Event: 14.067 GC heap after
{Heap after GC invocations=26 (full 2):
 PSYoungGen      total 23040K, used 2185K [0x00000000eab00000, 0x00000000ec500000, 0x0000000100000000)
  eden space 20480K, 0% used [0x00000000eab00000,0x00000000eab00000,0x00000000ebf00000)
  from space 2560K, 85% used [0x00000000ec280000,0x00000000ec4a26d0,0x00000000ec500000)
  to   space 2560K, 0% used [0x00000000ebf00000,0x00000000ebf00000,0x00000000ec180000)
 ParOldGen       total 68608K, used 34452K [0x00000000c0000000, 0x00000000c4300000, 0x00000000eab00000)
  object space 68608K, 50% used [0x00000000c0000000,0x00000000c21a5048,0x00000000c4300000)
 Metaspace       used 54574K, committed 55616K, reserved 1114112K
  class space    used 5921K, committed 6400K, reserved 1048576K
}
Event: 15.929 GC heap before
{Heap before GC invocations=27 (full 2):
 PSYoungGen      total 23040K, used 22665K [0x00000000eab00000, 0x00000000ec500000, 0x0000000100000000)
  eden space 20480K, 100% used [0x00000000eab00000,0x00000000ebf00000,0x00000000ebf00000)
  from space 2560K, 85% used [0x00000000ec280000,0x00000000ec4a26d0,0x00000000ec500000)
  to   space 2560K, 0% used [0x00000000ebf00000,0x00000000ebf00000,0x00000000ec180000)
 ParOldGen       total 68608K, used 34452K [0x00000000c0000000, 0x00000000c4300000, 0x00000000eab00000)
  object space 68608K, 50% used [0x00000000c0000000,0x00000000c21a5048,0x00000000c4300000)
 Metaspace       used 55640K, committed 56768K, reserved 1114112K
  class space    used 6049K, committed 6528K, reserved 1048576K
}
Event: 15.932 GC heap after
{Heap after GC invocations=27 (full 2):
 PSYoungGen      total 22016K, used 1351K [0x00000000eab00000, 0x00000000ec300000, 0x0000000100000000)
  eden space 20480K, 0% used [0x00000000eab00000,0x00000000eab00000,0x00000000ebf00000)
  from space 1536K, 88% used [0x00000000ebf00000,0x00000000ec051fd8,0x00000000ec080000)
  to   space 2048K, 0% used [0x00000000ec100000,0x00000000ec100000,0x00000000ec300000)
 ParOldGen       total 68608K, used 36523K [0x00000000c0000000, 0x00000000c4300000, 0x00000000eab00000)
  object space 68608K, 53% used [0x00000000c0000000,0x00000000c23aad60,0x00000000c4300000)
 Metaspace       used 55640K, committed 56768K, reserved 1114112K
  class space    used 6049K, committed 6528K, reserved 1048576K
}
Event: 16.479 GC heap before
{Heap before GC invocations=28 (full 2):
 PSYoungGen      total 22016K, used 21831K [0x00000000eab00000, 0x00000000ec300000, 0x0000000100000000)
  eden space 20480K, 100% used [0x00000000eab00000,0x00000000ebf00000,0x00000000ebf00000)
  from space 1536K, 88% used [0x00000000ebf00000,0x00000000ec051fd8,0x00000000ec080000)
  to   space 2048K, 0% used [0x00000000ec100000,0x00000000ec100000,0x00000000ec300000)
 ParOldGen       total 68608K, used 36523K [0x00000000c0000000, 0x00000000c4300000, 0x00000000eab00000)
  object space 68608K, 53% used [0x00000000c0000000,0x00000000c23aad60,0x00000000c4300000)
 Metaspace       used 57187K, committed 58432K, reserved 1114112K
  class space    used 6215K, committed 6720K, reserved 1048576K
}
Event: 16.482 GC heap after
{Heap after GC invocations=28 (full 2):
 PSYoungGen      total 22528K, used 1568K [0x00000000eab00000, 0x00000000ec300000, 0x0000000100000000)
  eden space 20480K, 0% used [0x00000000eab00000,0x00000000eab00000,0x00000000ebf00000)
  from space 2048K, 76% used [0x00000000ec100000,0x00000000ec288020,0x00000000ec300000)
  to   space 2048K, 0% used [0x00000000ebf00000,0x00000000ebf00000,0x00000000ec100000)
 ParOldGen       total 68608K, used 37765K [0x00000000c0000000, 0x00000000c4300000, 0x00000000eab00000)
  object space 68608K, 55% used [0x00000000c0000000,0x00000000c24e14b8,0x00000000c4300000)
 Metaspace       used 57187K, committed 58432K, reserved 1114112K
  class space    used 6215K, committed 6720K, reserved 1048576K
}
Event: 16.970 GC heap before
{Heap before GC invocations=29 (full 2):
 PSYoungGen      total 22528K, used 22036K [0x00000000eab00000, 0x00000000ec300000, 0x0000000100000000)
  eden space 20480K, 99% used [0x00000000eab00000,0x00000000ebefcfe8,0x00000000ebf00000)
  from space 2048K, 76% used [0x00000000ec100000,0x00000000ec288020,0x00000000ec300000)
  to   space 2048K, 0% used [0x00000000ebf00000,0x00000000ebf00000,0x00000000ec100000)
 ParOldGen       total 68608K, used 37765K [0x00000000c0000000, 0x00000000c4300000, 0x00000000eab00000)
  object space 68608K, 55% used [0x00000000c0000000,0x00000000c24e14b8,0x00000000c4300000)
 Metaspace       used 57552K, committed 58752K, reserved 1114112K
  class space    used 6272K, committed 6784K, reserved 1048576K
}
Event: 16.972 GC heap after
{Heap after GC invocations=29 (full 2):
 PSYoungGen      total 22016K, used 1312K [0x00000000eab00000, 0x00000000ec200000, 0x0000000100000000)
  eden space 20480K, 0% used [0x00000000eab00000,0x00000000eab00000,0x00000000ebf00000)
  from space 1536K, 85% used [0x00000000ebf00000,0x00000000ec048000,0x00000000ec080000)
  to   space 1536K, 0% used [0x00000000ec080000,0x00000000ec080000,0x00000000ec200000)
 ParOldGen       total 68608K, used 39225K [0x00000000c0000000, 0x00000000c4300000, 0x00000000eab00000)
  object space 68608K, 57% used [0x00000000c0000000,0x00000000c264e770,0x00000000c4300000)
 Metaspace       used 57552K, committed 58752K, reserved 1114112K
  class space    used 6272K, committed 6784K, reserved 1048576K
}
Event: 17.522 GC heap before
{Heap before GC invocations=30 (full 2):
 PSYoungGen      total 22016K, used 21792K [0x00000000eab00000, 0x00000000ec200000, 0x0000000100000000)
  eden space 20480K, 100% used [0x00000000eab00000,0x00000000ebf00000,0x00000000ebf00000)
  from space 1536K, 85% used [0x00000000ebf00000,0x00000000ec048000,0x00000000ec080000)
  to   space 1536K, 0% used [0x00000000ec080000,0x00000000ec080000,0x00000000ec200000)
 ParOldGen       total 68608K, used 39225K [0x00000000c0000000, 0x00000000c4300000, 0x00000000eab00000)
  object space 68608K, 57% used [0x00000000c0000000,0x00000000c264e770,0x00000000c4300000)
 Metaspace       used 58125K, committed 59264K, reserved 1114112K
  class space    used 6308K, committed 6784K, reserved 1048576K
}
Event: 17.524 GC heap after
{Heap after GC invocations=30 (full 2):
 PSYoungGen      total 22016K, used 1280K [0x00000000eab00000, 0x00000000ec200000, 0x0000000100000000)
  eden space 20480K, 0% used [0x00000000eab00000,0x00000000eab00000,0x00000000ebf00000)
  from space 1536K, 83% used [0x00000000ec080000,0x00000000ec1c0000,0x00000000ec200000)
  to   space 1536K, 0% used [0x00000000ebf00000,0x00000000ebf00000,0x00000000ec080000)
 ParOldGen       total 68608K, used 40457K [0x00000000c0000000, 0x00000000c4300000, 0x00000000eab00000)
  object space 68608K, 58% used [0x00000000c0000000,0x00000000c2782770,0x00000000c4300000)
 Metaspace       used 58125K, committed 59264K, reserved 1114112K
  class space    used 6308K, committed 6784K, reserved 1048576K
}
Event: 17.876 GC heap before
{Heap before GC invocations=31 (full 2):
 PSYoungGen      total 22016K, used 21758K [0x00000000eab00000, 0x00000000ec200000, 0x0000000100000000)
  eden space 20480K, 99% used [0x00000000eab00000,0x00000000ebeff9b8,0x00000000ebf00000)
  from space 1536K, 83% used [0x00000000ec080000,0x00000000ec1c0000,0x00000000ec200000)
  to   space 1536K, 0% used [0x00000000ebf00000,0x00000000ebf00000,0x00000000ec080000)
 ParOldGen       total 68608K, used 40457K [0x00000000c0000000, 0x00000000c4300000, 0x00000000eab00000)
  object space 68608K, 58% used [0x00000000c0000000,0x00000000c2782770,0x00000000c4300000)
 Metaspace       used 58705K, committed 59904K, reserved 1114112K
  class space    used 6356K, committed 6848K, reserved 1048576K
}
Event: 17.878 GC heap after
{Heap after GC invocations=31 (full 2):
 PSYoungGen      total 22016K, used 1088K [0x00000000eab00000, 0x00000000ec200000, 0x0000000100000000)
  eden space 20480K, 0% used [0x00000000eab00000,0x00000000eab00000,0x00000000ebf00000)
  from space 1536K, 70% used [0x00000000ebf00000,0x00000000ec010000,0x00000000ec080000)
  to   space 1536K, 0% used [0x00000000ec080000,0x00000000ec080000,0x00000000ec200000)
 ParOldGen       total 68608K, used 41547K [0x00000000c0000000, 0x00000000c4300000, 0x00000000eab00000)
  object space 68608K, 60% used [0x00000000c0000000,0x00000000c2892e88,0x00000000c4300000)
 Metaspace       used 58705K, committed 59904K, reserved 1114112K
  class space    used 6356K, committed 6848K, reserved 1048576K
}
Event: 18.091 GC heap before
{Heap before GC invocations=32 (full 2):
 PSYoungGen      total 22016K, used 7302K [0x00000000eab00000, 0x00000000ec200000, 0x0000000100000000)
  eden space 20480K, 30% used [0x00000000eab00000,0x00000000eb111928,0x00000000ebf00000)
  from space 1536K, 70% used [0x00000000ebf00000,0x00000000ec010000,0x00000000ec080000)
  to   space 1536K, 0% used [0x00000000ec080000,0x00000000ec080000,0x00000000ec200000)
 ParOldGen       total 68608K, used 41547K [0x00000000c0000000, 0x00000000c4300000, 0x00000000eab00000)
  object space 68608K, 60% used [0x00000000c0000000,0x00000000c2892e88,0x00000000c4300000)
 Metaspace       used 59113K, committed 60288K, reserved 1114112K
  class space    used 6386K, committed 6912K, reserved 1048576K
}
Event: 18.092 GC heap after
{Heap after GC invocations=32 (full 2):
 PSYoungGen      total 21504K, used 562K [0x00000000eab00000, 0x00000000ec180000, 0x0000000100000000)
  eden space 20480K, 0% used [0x00000000eab00000,0x00000000eab00000,0x00000000ebf00000)
  from space 1024K, 54% used [0x00000000ec080000,0x00000000ec10ca20,0x00000000ec180000)
  to   space 1024K, 0% used [0x00000000ebf80000,0x00000000ebf80000,0x00000000ec080000)
 ParOldGen       total 68608K, used 42463K [0x00000000c0000000, 0x00000000c4300000, 0x00000000eab00000)
  object space 68608K, 61% used [0x00000000c0000000,0x00000000c2977e98,0x00000000c4300000)
 Metaspace       used 59113K, committed 60288K, reserved 1114112K
  class space    used 6386K, committed 6912K, reserved 1048576K
}
Event: 18.092 GC heap before
{Heap before GC invocations=33 (full 3):
 PSYoungGen      total 21504K, used 562K [0x00000000eab00000, 0x00000000ec180000, 0x0000000100000000)
  eden space 20480K, 0% used [0x00000000eab00000,0x00000000eab00000,0x00000000ebf00000)
  from space 1024K, 54% used [0x00000000ec080000,0x00000000ec10ca20,0x00000000ec180000)
  to   space 1024K, 0% used [0x00000000ebf80000,0x00000000ebf80000,0x00000000ec080000)
 ParOldGen       total 68608K, used 42463K [0x00000000c0000000, 0x00000000c4300000, 0x00000000eab00000)
  object space 68608K, 61% used [0x00000000c0000000,0x00000000c2977e98,0x00000000c4300000)
 Metaspace       used 59113K, committed 60288K, reserved 1114112K
  class space    used 6386K, committed 6912K, reserved 1048576K
}

