# JRE version: OpenJDK Runtime Environment Temurin-17.0.10+7 (17.0.10+7) (build 17.0.10+7)
# Java VM: OpenJDK 64-Bit Server VM Temurin-17.0.10+7 (17.0.10+7, mixed mode, tiered, compressed oops, compressed class ptrs, parallel gc, windows-amd64)
GC Precious Log:
 CPUs: 4 total, 4 available
 Memory: 14278M
 Large Page Support: Disabled
 NUMA Support: Disabled
 Compressed Oops: Enabled (32-bit)
 Alignments: Space 512K, Generation 512K, Heap 2M
 Heap Min Capacity: 100M
 Heap Initial Capacity: 100M
 Heap Max Capacity: 1G
 Pre-touch: Disabled
 Parallel Workers: 4
Heap:
 PSYoungGen      total 21504K, used 500K [0x00000000eab00000, 0x00000000ec280000, 0x0000000100000000)
  eden space 20992K, 0% used [0x00000000eab00000,0x00000000eab00000,0x00000000ebf80000)
  from space 512K, 97% used [0x00000000ec200000,0x00000000ec27d200,0x00000000ec280000)
  to   space 1024K, 0% used [0x00000000ec080000,0x00000000ec080000,0x00000000ec180000)
 ParOldGen       total 70144K, used 69252K [0x00000000c0000000, 0x00000000c4480000, 0x00000000eab00000)
  object space 70144K, 98% used [0x00000000c0000000,0x00000000c43a12d0,0x00000000c4480000)
 Metaspace       used 70516K, committed 71936K, reserved 1114112K
  class space    used 7447K, committed 8128K, reserved 1048576K
GC Heap History (20 events):
Event: 33.799 GC heap after
{Heap after GC invocations=40 (full 3):
 PSYoungGen      total 23552K, used 2432K [0x00000000eab00000, 0x00000000ec580000, 0x0000000100000000)
  eden space 20992K, 0% used [0x00000000eab00000,0x00000000eab00000,0x00000000ebf80000)
  from space 2560K, 95% used [0x00000000ec100000,0x00000000ec360000,0x00000000ec380000)
  to   space 2048K, 0% used [0x00000000ec380000,0x00000000ec380000,0x00000000ec580000)
 ParOldGen       total 68608K, used 51672K [0x00000000c0000000, 0x00000000c4300000, 0x00000000eab00000)
  object space 68608K, 75% used [0x00000000c0000000,0x00000000c3276188,0x00000000c4300000)
 Metaspace       used 63597K, committed 64960K, reserved 1114112K
  class space    used 6840K, committed 7488K, reserved 1048576K
}
Event: 34.892 GC heap before
{Heap before GC invocations=41 (full 3):
 PSYoungGen      total 23552K, used 23420K [0x00000000eab00000, 0x00000000ec580000, 0x0000000100000000)
  eden space 20992K, 99% used [0x00000000eab00000,0x00000000ebf7f050,0x00000000ebf80000)
  from space 2560K, 95% used [0x00000000ec100000,0x00000000ec360000,0x00000000ec380000)
  to   space 2048K, 0% used [0x00000000ec380000,0x00000000ec380000,0x00000000ec580000)
 ParOldGen       total 68608K, used 51672K [0x00000000c0000000, 0x00000000c4300000, 0x00000000eab00000)
  object space 68608K, 75% used [0x00000000c0000000,0x00000000c3276188,0x00000000c4300000)
 Metaspace       used 63880K, committed 65216K, reserved 1114112K
  class space    used 6841K, committed 7488K, reserved 1048576K
}
Event: 34.895 GC heap after
{Heap after GC invocations=41 (full 3):
 PSYoungGen      total 23040K, used 1824K [0x00000000eab00000, 0x00000000ec580000, 0x0000000100000000)
  eden space 20992K, 0% used [0x00000000eab00000,0x00000000eab00000,0x00000000ebf80000)
  from space 2048K, 89% used [0x00000000ec380000,0x00000000ec548000,0x00000000ec580000)
  to   space 2560K, 0% used [0x00000000ec080000,0x00000000ec080000,0x00000000ec300000)
 ParOldGen       total 68608K, used 54024K [0x00000000c0000000, 0x00000000c4300000, 0x00000000eab00000)
  object space 68608K, 78% used [0x00000000c0000000,0x00000000c34c2188,0x00000000c4300000)
 Metaspace       used 63880K, committed 65216K, reserved 1114112K
  class space    used 6841K, committed 7488K, reserved 1048576K
}
Event: 35.226 GC heap before
{Heap before GC invocations=42 (full 3):
 PSYoungGen      total 23040K, used 22816K [0x00000000eab00000, 0x00000000ec580000, 0x0000000100000000)
  eden space 20992K, 100% used [0x00000000eab00000,0x00000000ebf80000,0x00000000ebf80000)
  from space 2048K, 89% used [0x00000000ec380000,0x00000000ec548000,0x00000000ec580000)
  to   space 2560K, 0% used [0x00000000ec080000,0x00000000ec080000,0x00000000ec300000)
 ParOldGen       total 68608K, used 54024K [0x00000000c0000000, 0x00000000c4300000, 0x00000000eab00000)
  object space 68608K, 78% used [0x00000000c0000000,0x00000000c34c2188,0x00000000c4300000)
 Metaspace       used 63967K, committed 65344K, reserved 1114112K
  class space    used 6843K, committed 7488K, reserved 1048576K
}
Event: 35.228 GC heap after
{Heap after GC invocations=42 (full 3):
 PSYoungGen      total 22528K, used 1407K [0x00000000eab00000, 0x00000000ec400000, 0x0000000100000000)
  eden space 20992K, 0% used [0x00000000eab00000,0x00000000eab00000,0x00000000ebf80000)
  from space 1536K, 91% used [0x00000000ec080000,0x00000000ec1dff70,0x00000000ec200000)
  to   space 2048K, 0% used [0x00000000ec200000,0x00000000ec200000,0x00000000ec400000)
 ParOldGen       total 68608K, used 55421K [0x00000000c0000000, 0x00000000c4300000, 0x00000000eab00000)
  object space 68608K, 80% used [0x00000000c0000000,0x00000000c361f750,0x00000000c4300000)
 Metaspace       used 63967K, committed 65344K, reserved 1114112K
  class space    used 6843K, committed 7488K, reserved 1048576K
}
Event: 36.302 GC heap before
{Heap before GC invocations=43 (full 3):
 PSYoungGen      total 22528K, used 22399K [0x00000000eab00000, 0x00000000ec400000, 0x0000000100000000)
  eden space 20992K, 100% used [0x00000000eab00000,0x00000000ebf80000,0x00000000ebf80000)
  from space 1536K, 91% used [0x00000000ec080000,0x00000000ec1dff70,0x00000000ec200000)
  to   space 2048K, 0% used [0x00000000ec200000,0x00000000ec200000,0x00000000ec400000)
 ParOldGen       total 68608K, used 55421K [0x00000000c0000000, 0x00000000c4300000, 0x00000000eab00000)
  object space 68608K, 80% used [0x00000000c0000000,0x00000000c361f750,0x00000000c4300000)
 Metaspace       used 64080K, committed 65408K, reserved 1114112K
  class space    used 6845K, committed 7488K, reserved 1048576K
}
Event: 36.305 GC heap after
{Heap after GC invocations=43 (full 3):
 PSYoungGen      total 23040K, used 1932K [0x00000000eab00000, 0x00000000ec400000, 0x0000000100000000)
  eden space 20992K, 0% used [0x00000000eab00000,0x00000000eab00000,0x00000000ebf80000)
  from space 2048K, 94% used [0x00000000ec200000,0x00000000ec3e3138,0x00000000ec400000)
  to   space 2048K, 0% used [0x00000000ec000000,0x00000000ec000000,0x00000000ec200000)
 ParOldGen       total 68608K, used 56748K [0x00000000c0000000, 0x00000000c4300000, 0x00000000eab00000)
  object space 68608K, 82% used [0x00000000c0000000,0x00000000c376b070,0x00000000c4300000)
 Metaspace       used 64080K, committed 65408K, reserved 1114112K
  class space    used 6845K, committed 7488K, reserved 1048576K
}
Event: 36.929 GC heap before
{Heap before GC invocations=44 (full 3):
 PSYoungGen      total 23040K, used 22924K [0x00000000eab00000, 0x00000000ec400000, 0x0000000100000000)
  eden space 20992K, 100% used [0x00000000eab00000,0x00000000ebf80000,0x00000000ebf80000)
  from space 2048K, 94% used [0x00000000ec200000,0x00000000ec3e3138,0x00000000ec400000)
  to   space 2048K, 0% used [0x00000000ec000000,0x00000000ec000000,0x00000000ec200000)
 ParOldGen       total 68608K, used 56748K [0x00000000c0000000, 0x00000000c4300000, 0x00000000eab00000)
  object space 68608K, 82% used [0x00000000c0000000,0x00000000c376b070,0x00000000c4300000)
 Metaspace       used 65601K, committed 66944K, reserved 1114112K
  class space    used 6970K, committed 7616K, reserved 1048576K
}
Event: 36.935 GC heap after
{Heap after GC invocations=44 (full 3):
 PSYoungGen      total 23040K, used 1806K [0x00000000eab00000, 0x00000000ec380000, 0x0000000100000000)
  eden space 20992K, 0% used [0x00000000eab00000,0x00000000eab00000,0x00000000ebf80000)
  from space 2048K, 88% used [0x00000000ec000000,0x00000000ec1c3b20,0x00000000ec200000)
  to   space 1536K, 0% used [0x00000000ec200000,0x00000000ec200000,0x00000000ec380000)
 ParOldGen       total 68608K, used 58329K [0x00000000c0000000, 0x00000000c4300000, 0x00000000eab00000)
  object space 68608K, 85% used [0x00000000c0000000,0x00000000c38f67b8,0x00000000c4300000)
 Metaspace       used 65601K, committed 66944K, reserved 1114112K
  class space    used 6970K, committed 7616K, reserved 1048576K
}
Event: 37.457 GC heap before
{Heap before GC invocations=45 (full 3):
 PSYoungGen      total 23040K, used 22798K [0x00000000eab00000, 0x00000000ec380000, 0x0000000100000000)
  eden space 20992K, 100% used [0x00000000eab00000,0x00000000ebf80000,0x00000000ebf80000)
  from space 2048K, 88% used [0x00000000ec000000,0x00000000ec1c3b20,0x00000000ec200000)
  to   space 1536K, 0% used [0x00000000ec200000,0x00000000ec200000,0x00000000ec380000)
 ParOldGen       total 68608K, used 58329K [0x00000000c0000000, 0x00000000c4300000, 0x00000000eab00000)
  object space 68608K, 85% used [0x00000000c0000000,0x00000000c38f67b8,0x00000000c4300000)
 Metaspace       used 66497K, committed 67776K, reserved 1114112K
  class space    used 7053K, committed 7680K, reserved 1048576K
}
Event: 37.460 GC heap after
{Heap after GC invocations=45 (full 3):
 PSYoungGen      total 22528K, used 1309K [0x00000000eab00000, 0x00000000ec380000, 0x0000000100000000)
  eden space 20992K, 0% used [0x00000000eab00000,0x00000000eab00000,0x00000000ebf80000)
  from space 1536K, 85% used [0x00000000ec200000,0x00000000ec347480,0x00000000ec380000)
  to   space 1536K, 0% used [0x00000000ec080000,0x00000000ec080000,0x00000000ec200000)
 ParOldGen       total 68608K, used 60040K [0x00000000c0000000, 0x00000000c4300000, 0x00000000eab00000)
  object space 68608K, 87% used [0x00000000c0000000,0x00000000c3aa23a0,0x00000000c4300000)
 Metaspace       used 66497K, committed 67776K, reserved 1114112K
  class space    used 7053K, committed 7680K, reserved 1048576K
}
Event: 37.809 GC heap before
{Heap before GC invocations=46 (full 3):
 PSYoungGen      total 22528K, used 22301K [0x00000000eab00000, 0x00000000ec380000, 0x0000000100000000)
  eden space 20992K, 100% used [0x00000000eab00000,0x00000000ebf80000,0x00000000ebf80000)
  from space 1536K, 85% used [0x00000000ec200000,0x00000000ec347480,0x00000000ec380000)
  to   space 1536K, 0% used [0x00000000ec080000,0x00000000ec080000,0x00000000ec200000)
 ParOldGen       total 68608K, used 60040K [0x00000000c0000000, 0x00000000c4300000, 0x00000000eab00000)
  object space 68608K, 87% used [0x00000000c0000000,0x00000000c3aa23a0,0x00000000c4300000)
 Metaspace       used 67145K, committed 68480K, reserved 1114112K
  class space    used 7120K, committed 7744K, reserved 1048576K
}
Event: 37.812 GC heap after
{Heap after GC invocations=46 (full 3):
 PSYoungGen      total 22528K, used 1513K [0x00000000eab00000, 0x00000000ec680000, 0x0000000100000000)
  eden space 20992K, 0% used [0x00000000eab00000,0x00000000eab00000,0x00000000ebf80000)
  from space 1536K, 98% used [0x00000000ec080000,0x00000000ec1fa700,0x00000000ec200000)
  to   space 3584K, 0% used [0x00000000ec300000,0x00000000ec300000,0x00000000ec680000)
 ParOldGen       total 68608K, used 61489K [0x00000000c0000000, 0x00000000c4300000, 0x00000000eab00000)
  object space 68608K, 89% used [0x00000000c0000000,0x00000000c3c0c720,0x00000000c4300000)
 Metaspace       used 67145K, committed 68480K, reserved 1114112K
  class space    used 7120K, committed 7744K, reserved 1048576K
}
Event: 38.030 GC heap before
{Heap before GC invocations=47 (full 3):
 PSYoungGen      total 22528K, used 22505K [0x00000000eab00000, 0x00000000ec680000, 0x0000000100000000)
  eden space 20992K, 100% used [0x00000000eab00000,0x00000000ebf80000,0x00000000ebf80000)
  from space 1536K, 98% used [0x00000000ec080000,0x00000000ec1fa700,0x00000000ec200000)
  to   space 3584K, 0% used [0x00000000ec300000,0x00000000ec300000,0x00000000ec680000)
 ParOldGen       total 68608K, used 61489K [0x00000000c0000000, 0x00000000c4300000, 0x00000000eab00000)
  object space 68608K, 89% used [0x00000000c0000000,0x00000000c3c0c720,0x00000000c4300000)
 Metaspace       used 67468K, committed 68800K, reserved 1114112K
  class space    used 7141K, committed 7744K, reserved 1048576K
}
Event: 38.031 GC heap after
{Heap after GC invocations=47 (full 3):
 PSYoungGen      total 21504K, used 160K [0x00000000eab00000, 0x00000000ec380000, 0x0000000100000000)
  eden space 20992K, 0% used [0x00000000eab00000,0x00000000eab00000,0x00000000ebf80000)
  from space 512K, 31% used [0x00000000ec300000,0x00000000ec328000,0x00000000ec380000)
  to   space 1536K, 0% used [0x00000000ec080000,0x00000000ec080000,0x00000000ec200000)
 ParOldGen       total 68608K, used 61829K [0x00000000c0000000, 0x00000000c4300000, 0x00000000eab00000)
  object space 68608K, 90% used [0x00000000c0000000,0x00000000c3c61460,0x00000000c4300000)
 Metaspace       used 67468K, committed 68800K, reserved 1114112K
  class space    used 7141K, committed 7744K, reserved 1048576K
}
Event: 38.563 GC heap before
{Heap before GC invocations=48 (full 3):
 PSYoungGen      total 21504K, used 20811K [0x00000000eab00000, 0x00000000ec380000, 0x0000000100000000)
  eden space 20992K, 98% used [0x00000000eab00000,0x00000000ebf2ae08,0x00000000ebf80000)
  from space 512K, 31% used [0x00000000ec300000,0x00000000ec328000,0x00000000ec380000)
  to   space 1536K, 0% used [0x00000000ec080000,0x00000000ec080000,0x00000000ec200000)
 ParOldGen       total 68608K, used 61829K [0x00000000c0000000, 0x00000000c4300000, 0x00000000eab00000)
  object space 68608K, 90% used [0x00000000c0000000,0x00000000c3c61460,0x00000000c4300000)
 Metaspace       used 69828K, committed 71168K, reserved 1114112K
  class space    used 7365K, committed 8000K, reserved 1048576K
}
Event: 38.564 GC heap after
{Heap after GC invocations=48 (full 3):
 PSYoungGen      total 22528K, used 1043K [0x00000000eab00000, 0x00000000ec380000, 0x0000000100000000)
  eden space 20992K, 0% used [0x00000000eab00000,0x00000000eab00000,0x00000000ebf80000)
  from space 1536K, 67% used [0x00000000ec080000,0x00000000ec184ef8,0x00000000ec200000)
  to   space 1536K, 0% used [0x00000000ec200000,0x00000000ec200000,0x00000000ec380000)
 ParOldGen       total 68608K, used 61869K [0x00000000c0000000, 0x00000000c4300000, 0x00000000eab00000)
  object space 68608K, 90% used [0x00000000c0000000,0x00000000c3c6b460,0x00000000c4300000)
 Metaspace       used 69828K, committed 71168K, reserved 1114112K
  class space    used 7365K, committed 8000K, reserved 1048576K
}
Event: 38.815 GC heap before
{Heap before GC invocations=49 (full 3):
 PSYoungGen      total 22528K, used 19397K [0x00000000eab00000, 0x00000000ec380000, 0x0000000100000000)
  eden space 20992K, 87% used [0x00000000eab00000,0x00000000ebcec860,0x00000000ebf80000)
  from space 1536K, 67% used [0x00000000ec080000,0x00000000ec184ef8,0x00000000ec200000)
  to   space 1536K, 0% used [0x00000000ec200000,0x00000000ec200000,0x00000000ec380000)
 ParOldGen       total 68608K, used 61869K [0x00000000c0000000, 0x00000000c4300000, 0x00000000eab00000)
  object space 68608K, 90% used [0x00000000c0000000,0x00000000c3c6b460,0x00000000c4300000)
 Metaspace       used 70516K, committed 71936K, reserved 1114112K
  class space    used 7447K, committed 8128K, reserved 1048576K
}
Event: 38.819 GC heap after
{Heap after GC invocations=49 (full 3):
 PSYoungGen      total 21504K, used 500K [0x00000000eab00000, 0x00000000ec280000, 0x0000000100000000)
  eden space 20992K, 0% used [0x00000000eab00000,0x00000000eab00000,0x00000000ebf80000)
  from space 512K, 97% used [0x00000000ec200000,0x00000000ec27d200,0x00000000ec280000)
  to   space 1024K, 0% used [0x00000000ec080000,0x00000000ec080000,0x00000000ec180000)
 ParOldGen       total 70144K, used 69252K [0x00000000c0000000, 0x00000000c4480000, 0x00000000eab00000)
  object space 70144K, 98% used [0x00000000c0000000,0x00000000c43a12d0,0x00000000c4480000)
 Metaspace       used 70516K, committed 71936K, reserved 1114112K
  class space    used 7447K, committed 8128K, reserved 1048576K
}
Event: 38.819 GC heap before
{Heap before GC invocations=50 (full 4):
 PSYoungGen      total 21504K, used 500K [0x00000000eab00000, 0x00000000ec280000, 0x0000000100000000)
  eden space 20992K, 0% used [0x00000000eab00000,0x00000000eab00000,0x00000000ebf80000)
  from space 512K, 97% used [0x00000000ec200000,0x00000000ec27d200,0x00000000ec280000)
  to   space 1024K, 0% used [0x00000000ec080000,0x00000000ec080000,0x00000000ec180000)
 ParOldGen       total 70144K, used 69252K [0x00000000c0000000, 0x00000000c4480000, 0x00000000eab00000)
  object space 70144K, 98% used [0x00000000c0000000,0x00000000c43a12d0,0x00000000c4480000)
 Metaspace       used 70516K, committed 71936K, reserved 1114112K
  class space    used 7447K, committed 8128K, reserved 1048576K
}

