# JRE version: Java(TM) SE Runtime Environment (17.0.10+11) (build 17.0.10+11-LTS-240)
# Java VM: Java HotSpot(TM) 64-Bit Server VM (17.0.10+11-LTS-240, mixed mode, sharing, tiered, compressed oops, compressed class ptrs, g1 gc, windows-amd64)
GC Precious Log:
 CPUs: 4 total, 4 available
 Memory: 14278M
 Large Page Support: Disabled
 NUMA Support: Disabled
 Compressed Oops: Enabled (Zero based)
 Heap Region Size: 2M
 Heap Min Capacity: 8M
 Heap Initial Capacity: 224M
 Heap Max Capacity: 3570M
 Pre-touch: Disabled
 Parallel Workers: 4
 Concurrent Workers: 1
 Concurrent Refinement Workers: 4
 Periodic GC: Disabled
Heap:
 garbage-first heap   total 57344K, used 45077K [0x0000000720e00000, 0x0000000800000000)
  region size 2048K, 11 young (22528K), 1 survivors (2048K)
 Metaspace       used 50025K, committed 50624K, reserved 1114112K
  class space    used 6400K, committed 6656K, reserved 1048576K
GC Heap History (20 events):
Event: 178.550 GC heap after
{Heap after GC invocations=12 (full 0):
 garbage-first heap   total 57344K, used 23999K [0x0000000720e00000, 0x0000000800000000)
  region size 2048K, 2 young (4096K), 2 survivors (4096K)
 Metaspace       used 47916K, committed 48448K, reserved 1114112K
  class space    used 6237K, committed 6464K, reserved 1048576K
}
Event: 418.951 GC heap before
{Heap before GC invocations=12 (full 0):
 garbage-first heap   total 57344K, used 36287K [0x0000000720e00000, 0x0000000800000000)
  region size 2048K, 9 young (18432K), 2 survivors (4096K)
 Metaspace       used 49000K, committed 49472K, reserved 1114112K
  class space    used 6346K, committed 6592K, reserved 1048576K
}
Event: 418.994 GC heap after
{Heap after GC invocations=13 (full 1):
 garbage-first heap   total 57344K, used 21816K [0x0000000720e00000, 0x0000000800000000)
  region size 2048K, 0 young (0K), 0 survivors (0K)
 Metaspace       used 49000K, committed 49472K, reserved 1114112K
  class space    used 6346K, committed 6592K, reserved 1048576K
}
Event: 420.118 GC heap before
{Heap before GC invocations=13 (full 1):
 garbage-first heap   total 57344K, used 42296K [0x0000000720e00000, 0x0000000800000000)
  region size 2048K, 10 young (20480K), 0 survivors (0K)
 Metaspace       used 49200K, committed 49792K, reserved 1114112K
  class space    used 6350K, committed 6656K, reserved 1048576K
}
Event: 420.120 GC heap after
{Heap after GC invocations=14 (full 1):
 garbage-first heap   total 57344K, used 23814K [0x0000000720e00000, 0x0000000800000000)
  region size 2048K, 1 young (2048K), 1 survivors (2048K)
 Metaspace       used 49200K, committed 49792K, reserved 1114112K
  class space    used 6350K, committed 6656K, reserved 1048576K
}
Event: 670.480 GC heap before
{Heap before GC invocations=14 (full 1):
 garbage-first heap   total 57344K, used 42246K [0x0000000720e00000, 0x0000000800000000)
  region size 2048K, 10 young (20480K), 1 survivors (2048K)
 Metaspace       used 49703K, committed 50240K, reserved 1114112K
  class space    used 6392K, committed 6656K, reserved 1048576K
}
Event: 670.483 GC heap after
{Heap after GC invocations=15 (full 1):
 garbage-first heap   total 57344K, used 24666K [0x0000000720e00000, 0x0000000800000000)
  region size 2048K, 2 young (4096K), 2 survivors (4096K)
 Metaspace       used 49703K, committed 50240K, reserved 1114112K
  class space    used 6392K, committed 6656K, reserved 1048576K
}
Event: 671.231 GC heap before
{Heap before GC invocations=15 (full 1):
 garbage-first heap   total 57344K, used 43098K [0x0000000720e00000, 0x0000000800000000)
  region size 2048K, 11 young (22528K), 2 survivors (4096K)
 Metaspace       used 49850K, committed 50432K, reserved 1114112K
  class space    used 6396K, committed 6656K, reserved 1048576K
}
Event: 671.233 GC heap after
{Heap after GC invocations=16 (full 1):
 garbage-first heap   total 57344K, used 24545K [0x0000000720e00000, 0x0000000800000000)
  region size 2048K, 2 young (4096K), 2 survivors (4096K)
 Metaspace       used 49850K, committed 50432K, reserved 1114112K
  class space    used 6396K, committed 6656K, reserved 1048576K
}
Event: 780.468 GC heap before
{Heap before GC invocations=16 (full 1):
 garbage-first heap   total 57344K, used 40929K [0x0000000720e00000, 0x0000000800000000)
  region size 2048K, 10 young (20480K), 2 survivors (4096K)
 Metaspace       used 50024K, committed 50624K, reserved 1114112K
  class space    used 6400K, committed 6656K, reserved 1048576K
}
Event: 780.470 GC heap after
{Heap after GC invocations=17 (full 1):
 garbage-first heap   total 57344K, used 24592K [0x0000000720e00000, 0x0000000800000000)
  region size 2048K, 1 young (2048K), 1 survivors (2048K)
 Metaspace       used 50024K, committed 50624K, reserved 1114112K
  class space    used 6400K, committed 6656K, reserved 1048576K
}
Event: 1520.179 GC heap before
{Heap before GC invocations=17 (full 1):
 garbage-first heap   total 57344K, used 43024K [0x0000000720e00000, 0x0000000800000000)
  region size 2048K, 10 young (20480K), 1 survivors (2048K)
 Metaspace       used 50024K, committed 50624K, reserved 1114112K
  class space    used 6400K, committed 6656K, reserved 1048576K
}
Event: 1520.181 GC heap after
{Heap after GC invocations=18 (full 1):
 garbage-first heap   total 57344K, used 24642K [0x0000000720e00000, 0x0000000800000000)
  region size 2048K, 1 young (2048K), 1 survivors (2048K)
 Metaspace       used 50024K, committed 50624K, reserved 1114112K
  class space    used 6400K, committed 6656K, reserved 1048576K
}
Event: 2267.283 GC heap before
{Heap before GC invocations=18 (full 1):
 garbage-first heap   total 57344K, used 43074K [0x0000000720e00000, 0x0000000800000000)
  region size 2048K, 10 young (20480K), 1 survivors (2048K)
 Metaspace       used 50024K, committed 50624K, reserved 1114112K
  class space    used 6400K, committed 6656K, reserved 1048576K
}
Event: 2267.284 GC heap after
{Heap after GC invocations=19 (full 1):
 garbage-first heap   total 57344K, used 24544K [0x0000000720e00000, 0x0000000800000000)
  region size 2048K, 1 young (2048K), 1 survivors (2048K)
 Metaspace       used 50024K, committed 50624K, reserved 1114112K
  class space    used 6400K, committed 6656K, reserved 1048576K
}
Event: 3098.638 GC heap before
{Heap before GC invocations=19 (full 1):
 garbage-first heap   total 57344K, used 45024K [0x0000000720e00000, 0x0000000800000000)
  region size 2048K, 11 young (22528K), 1 survivors (2048K)
 Metaspace       used 50024K, committed 50624K, reserved 1114112K
  class space    used 6400K, committed 6656K, reserved 1048576K
}
Event: 3098.640 GC heap after
{Heap after GC invocations=20 (full 1):
 garbage-first heap   total 57344K, used 24603K [0x0000000720e00000, 0x0000000800000000)
  region size 2048K, 1 young (2048K), 1 survivors (2048K)
 Metaspace       used 50024K, committed 50624K, reserved 1114112K
  class space    used 6400K, committed 6656K, reserved 1048576K
}
Event: 3932.944 GC heap before
{Heap before GC invocations=20 (full 1):
 garbage-first heap   total 57344K, used 45083K [0x0000000720e00000, 0x0000000800000000)
  region size 2048K, 11 young (22528K), 1 survivors (2048K)
 Metaspace       used 50025K, committed 50624K, reserved 1114112K
  class space    used 6400K, committed 6656K, reserved 1048576K
}
Event: 3932.946 GC heap after
{Heap after GC invocations=21 (full 1):
 garbage-first heap   total 57344K, used 24597K [0x0000000720e00000, 0x0000000800000000)
  region size 2048K, 1 young (2048K), 1 survivors (2048K)
 Metaspace       used 50025K, committed 50624K, reserved 1114112K
  class space    used 6400K, committed 6656K, reserved 1048576K
}
Event: 4766.499 GC heap before
{Heap before GC invocations=21 (full 1):
 garbage-first heap   total 57344K, used 45077K [0x0000000720e00000, 0x0000000800000000)
  region size 2048K, 11 young (22528K), 1 survivors (2048K)
 Metaspace       used 50025K, committed 50624K, reserved 1114112K
  class space    used 6400K, committed 6656K, reserved 1048576K
}

